2017-02-05 20:14:00,669 [FATAL][main            ][                     view.view] - Application crashed
by.tc.iosa.service.exception.ServiceException: by.tc.iosa.dao.exception.DAOException: java.io.FileNotFoundException: abreakfastMenu.xml (Не удается найти указанный файл)
	at by.tc.iosa.service.impl.AllFileService.initData(AllFileService.java:122)
	at by.tc.iosa.view.view.main(view.java:26)
	at sun.reflect.NativeMethodAccessorImpl.invoke0(Native Method)
	at sun.reflect.NativeMethodAccessorImpl.invoke(NativeMethodAccessorImpl.java:62)
	at sun.reflect.DelegatingMethodAccessorImpl.invoke(DelegatingMethodAccessorImpl.java:43)
	at java.lang.reflect.Method.invoke(Method.java:497)
	at com.intellij.rt.execution.application.AppMain.main(AppMain.java:144)
Caused by: by.tc.iosa.dao.exception.DAOException: java.io.FileNotFoundException: abreakfastMenu.xml (Не удается найти указанный файл)
	at by.tc.iosa.dao.impl.AllFileDAO.getAllData(AllFileDAO.java:46)
	at by.tc.iosa.service.impl.AllFileService.initData(AllFileService.java:120)
	... 6 more
Caused by: java.io.FileNotFoundException: abreakfastMenu.xml (Не удается найти указанный файл)
	at java.io.FileInputStream.open0(Native Method)
	at java.io.FileInputStream.open(FileInputStream.java:195)
	at java.io.FileInputStream.<init>(FileInputStream.java:138)
	at java.io.FileInputStream.<init>(FileInputStream.java:93)
	at java.io.FileReader.<init>(FileReader.java:58)
	at by.tc.iosa.dao.impl.AllFileDAO.getAllData(AllFileDAO.java:39)
	... 7 more
